"D:\CLion 2019.3.5\bin\cmake\win\bin\cmake.exe" -DCMAKE_BUILD_TYPE=Debug -G "CodeBlocks - NMake Makefiles" C:\Users\Пользователь\Desktop\prj
-- The C compiler identification is MSVC 19.25.28610.4
-- The CXX compiler identification is MSVC 19.25.28610.4
-- Check for working C compiler: C:/Program Files (x86)/Microsoft Visual Studio/2019/Community/VC/Tools/MSVC/14.25.28610/bin/Hostx86/x86/cl.exe
-- Check for working C compiler: C:/Program Files (x86)/Microsoft Visual Studio/2019/Community/VC/Tools/MSVC/14.25.28610/bin/Hostx86/x86/cl.exe -- broken
CMake Error at D:/CLion 2019.3.5/bin/cmake/win/share/cmake-3.15/Modules/CMakeTestCCompiler.cmake:60 (message):
  The C compiler

    "C:/Program Files (x86)/Microsoft Visual Studio/2019/Community/VC/Tools/MSVC/14.25.28610/bin/Hostx86/x86/cl.exe"

  is not able to compile a simple test program.

  It fails with the following output:

    Change Dir: C:/Users/РџРѕР»СЊР·РѕРІР°С‚РµР»СЊ/Desktop/prj/cmake-build-debug/CMakeFiles/CMakeTmp
    
    Run Build Command(s):nmake /nologo cmTC_33f5b\fast && 	"C:\Program Files (x86)\Microsoft Visual Studio\2019\Community\VC\Tools\MSVC\14.25.28610\bin\HostX86\x86\nmake.exe" -f CMakeFiles\cmTC_33f5b.dir\build.make /nologo -L                  CMakeFiles\cmTC_33f5b.dir\build
    Building C object CMakeFiles/cmTC_33f5b.dir/testCCompiler.c.obj
    	C:\PROGRA~2\MIB055~1\2019\COMMUN~1\VC\Tools\MSVC\1425~1.286\bin\Hostx86\x86\cl.exe @C:\Users\73B5~1\AppData\Local\Temp\nmD0F.tmp
    testCCompiler.c
    Linking C executable cmTC_33f5b.exe
    	"D:\CLion 2019.3.5\bin\cmake\win\bin\cmake.exe" -E vs_link_exe --intdir=CMakeFiles\cmTC_33f5b.dir --rc=C:\PROGRA~2\WI3CF2~1\10\bin\100183~1.0\x86\rc.exe --mt=C:\PROGRA~2\WI3CF2~1\10\bin\100183~1.0\x86\mt.exe --manifests  -- C:\PROGRA~2\MIB055~1\2019\COMMUN~1\VC\Tools\MSVC\1425~1.286\bin\Hostx86\x86\link.exe /nologo @CMakeFiles\cmTC_33f5b.dir\objects1.rsp @C:\Users\73B5~1\AppData\Local\Temp\nmD5E.tmp
    LINK Pass 1: command "C:\PROGRA~2\MIB055~1\2019\COMMUN~1\VC\Tools\MSVC\1425~1.286\bin\Hostx86\x86\link.exe /nologo @CMakeFiles\cmTC_33f5b.dir\objects1.rsp /out:cmTC_33f5b.exe /implib:cmTC_33f5b.lib /pdb:C:\Users\????????????\Desktop\prj\cmake-build-debug\CMakeFiles\CMakeTmp\cmTC_33f5b.pdb /version:0.0 /machine:X86 /debug /INCREMENTAL /subsystem:console kernel32.lib user32.lib gdi32.lib winspool.lib shell32.lib ole32.lib oleaut32.lib uuid.lib comdlg32.lib advapi32.lib /MANIFEST /MANIFESTFILE:CMakeFiles\cmTC_33f5b.dir/intermediate.manifest CMakeFiles\cmTC_33f5b.dir/manifest.res" failed (exit code 1201) with the following output:
    LINK : fatal error LNK1201: РћС€РёР±РєР° РїСЂРё Р·Р°РїРёСЃРё РІ Р±Р°Р·Сѓ РґР°РЅРЅС‹С… "C:\Users\????????????\Desktop\prj\cmake-build-debug\CMakeFiles\CMakeTmp\cmTC_33f5b.pdb" РїСЂРѕРіСЂР°РјРјС‹; РІРѕР·РјРѕР¶РЅРѕ, РЅРµ С…РІР°С‚Р°РµС‚ РјРµСЃС‚Р° РЅР° РґРёСЃРєРµ, РЅРµРґРѕРїСѓСЃС‚РёРјС‹Р№ РїСѓС‚СЊ РёР»Рё РЅРµРґРѕСЃС‚Р°С‚РѕС‡РЅРѕ РїСЂР°РІ
    NMAKE : fatal error U1077: "D:\CLion 2019.3.5\bin\cmake\win\bin\cmake.exe" : С‚СЋС‡С‚РЃСЂв€™С…СЌСЌв€љС‰ СЉСЋС„ "0xffffffff"
    Stop.
    NMAKE : fatal error U1077: "C:\Program Files (x86)\Microsoft Visual Studio\2019\Community\VC\Tools\MSVC\14.25.28610\bin\HostX86\x86\nmake.exe" : С‚СЋС‡С‚РЃСЂв€™С…СЌСЌв€љС‰ СЉСЋС„ "0x2"
    Stop.
    
    

  

  CMake will not be able to correctly generate this project.
Call Stack (most recent call first):
  CMakeLists.txt:2 (project)


-- Configuring incomplete, errors occurred!
See also "C:/Users/РџРѕР»СЊР·РѕРІР°С‚РµР»СЊ/Desktop/prj/cmake-build-debug/CMakeFiles/CMakeOutput.log".
See also "C:/Users/РџРѕР»СЊР·РѕРІР°С‚РµР»СЊ/Desktop/prj/cmake-build-debug/CMakeFiles/CMakeError.log".
